<?xml version="1.0" encoding="utf-8"?><testsuites><testsuite name="pytest" errors="0" failures="0" skipped="508" tests="1027" time="3.532" timestamp="2023-08-19T15:33:13.794262" hostname="maxim-magicbook14"><testcase classname="tests.test_change_notify.TestFileNotifyInformation" name="test_create_message" time="0.001" /><testcase classname="tests.test_change_notify.TestFileNotifyInformation" name="test_parse_message" time="0.001" /><testcase classname="tests.test_change_notify.TestSMB2ChangeNotifyRequest" name="test_create_message" time="0.000" /><testcase classname="tests.test_change_notify.TestSMB2ChangeNotifyRequest" name="test_parse_message" time="0.001" /><testcase classname="tests.test_change_notify.TestSMB2ChangeNotifyResponse" name="test_create_message" time="0.000" /><testcase classname="tests.test_change_notify.TestSMB2ChangeNotifyResponse" name="test_parse_message" time="0.000" /><testcase classname="tests.test_change_notify.TestChangeNotify" name="test_change_notify_on_dir" time="0.001"><skipped type="pytest.skip" message="The SMB_SHARE env var was not set, integration tests will be skipped">/home/maxim/Repo/smbprotocol/tests/test_change_notify.py:121: The SMB_SHARE env var was not set, integration tests will be skipped</skipped></testcase><testcase classname="tests.test_change_notify.TestChangeNotify" name="test_change_notify_on_dir_compound" time="0.000"><skipped type="pytest.skip" message="The SMB_SHARE env var was not set, integration tests will be skipped">/home/maxim/Repo/smbprotocol/tests/test_change_notify.py:189: The SMB_SHARE env var was not set, integration tests will be skipped</skipped></testcase><testcase classname="tests.test_change_notify.TestChangeNotify" name="test_change_notify_no_data" time="0.000"><skipped type="pytest.skip" message="The SMB_SHARE env var was not set, integration tests will be skipped">/home/maxim/Repo/smbprotocol/tests/test_change_notify.py:280: The SMB_SHARE env var was not set, integration tests will be skipped</skipped></testcase><testcase classname="tests.test_change_notify.TestChangeNotify" name="test_change_notify_underlying_close" time="0.000"><skipped type="pytest.skip" message="The SMB_SHARE env var was not set, integration tests will be skipped">/home/maxim/Repo/smbprotocol/tests/test_change_notify.py:345: The SMB_SHARE env var was not set, integration tests will be skipped</skipped></testcase><testcase classname="tests.test_change_notify.TestChangeNotify" name="test_change_notify_cancel" time="0.000"><skipped type="pytest.skip" message="The SMB_SHARE env var was not set, integration tests will be skipped">/home/maxim/Repo/smbprotocol/tests/test_change_notify.py:376: The SMB_SHARE env var was not set, integration tests will be skipped</skipped></testcase><testcase classname="tests.test_change_notify.TestChangeNotify" name="test_change_notify_on_a_file" time="0.000"><skipped type="pytest.skip" message="The SMB_SHARE env var was not set, integration tests will be skipped">/home/maxim/Repo/smbprotocol/tests/test_change_notify.py:417: The SMB_SHARE env var was not set, integration tests will be skipped</skipped></testcase><testcase classname="tests.test_connection.TestSMB2NegotiateRequest" name="test_create_message" time="0.001" /><testcase classname="tests.test_connection.TestSMB2NegotiateRequest" name="test_parse_message" time="0.001" /><testcase classname="tests.test_connection.TestSMB3NegotiateRequest" name="test_create_message" time="0.001" /><testcase classname="tests.test_connection.TestSMB3NegotiateRequest" name="test_create_message_one_dialect" time="0.001" /><testcase classname="tests.test_connection.TestSMB3NegotiateRequest" name="test_parse_message" time="0.001" /><testcase classname="tests.test_connection.TestSMB3NegotiateRequest" name="test_create_message_with_context_no_padding" time="0.002" /><testcase classname="tests.test_connection.TestSMB3NegotiateRequest" name="test_parse_message_with_context_no_padding" time="0.002" /><testcase classname="tests.test_connection.TestSMB2NegotiateContextRequest" name="test_create_message" time="0.001" /><testcase classname="tests.test_connection.TestSMB2NegotiateContextRequest" name="test_parse_message" time="0.001" /><testcase classname="tests.test_connection.TestSMB2NegotiateContextRequest" name="test_parse_message_invalid_context_type" time="0.000" /><testcase classname="tests.test_connection.TestSMB2PreauthIntegrityCapabilities" name="test_create_message" time="0.001" /><testcase classname="tests.test_connection.TestSMB2PreauthIntegrityCapabilities" name="test_parse_message" time="0.001" /><testcase classname="tests.test_connection.TestSMB2EncryptionCapabilities" name="test_create_message" time="0.001" /><testcase classname="tests.test_connection.TestSMB2EncryptionCapabilities" name="test_parse_message" time="0.000" /><testcase classname="tests.test_connection.TestSMB2NetnameNegotiateContextId" name="test_create_message" time="0.000" /><testcase classname="tests.test_connection.TestSMB2NetnameNegotiateContextId" name="test_parse_message" time="0.000" /><testcase classname="tests.test_connection.TestSMB2SigningCapabilities" name="test_create_message" time="0.001" /><testcase classname="tests.test_connection.TestSMB2SigningCapabilities" name="test_parse_message" time="0.000" /><testcase classname="tests.test_connection.TestSMB2NegotiateResponse" name="test_create_message" time="0.001" /><testcase classname="tests.test_connection.TestSMB2NegotiateResponse" name="test_create_message_3_1_1" time="0.001" /><testcase classname="tests.test_connection.TestSMB2NegotiateResponse" name="test_parse_message" time="0.001" /><testcase classname="tests.test_connection.TestSMB2NegotiateResponse" name="test_parse_message_3_1_1" time="0.001" /><testcase classname="tests.test_connection.TestSMB2Echo" name="test_create_message" time="0.000" /><testcase classname="tests.test_connection.TestSMB2Echo" name="test_parse_message" time="0.000" /><testcase classname="tests.test_connection.TestSMB2CancelRequest" name="test_create_message" time="0.000" /><testcase classname="tests.test_connection.TestSMB2CancelRequest" name="test_parse_message" time="0.001" /><testcase classname="tests.test_connection.TestSMB2TransformHeader" name="test_create_message" time="0.001" /><testcase classname="tests.test_connection.TestSMB2TransformHeader" name="test_parse_message" time="0.000" /><testcase classname="tests.test_connection.TestConnection" name="test_dialect_2_0_2" time="0.000"><skipped type="pytest.skip" message="The SMB_SHARE env var was not set, integration tests will be skipped">/home/maxim/Repo/smbprotocol/tests/test_connection.py:860: The SMB_SHARE env var was not set, integration tests will be skipped</skipped></testcase><testcase classname="tests.test_connection.TestConnection" name="test_dialect_2_1_0" time="0.000"><skipped type="pytest.skip" message="The SMB_SHARE env var was not set, integration tests will be skipped">/home/maxim/Repo/smbprotocol/tests/test_connection.py:877: The SMB_SHARE env var was not set, integration tests will be skipped</skipped></testcase><testcase classname="tests.test_connection.TestConnection" name="test_dialect_3_0_0" time="0.000"><skipped type="pytest.skip" message="The SMB_SHARE env var was not set, integration tests will be skipped">/home/maxim/Repo/smbprotocol/tests/test_connection.py:894: The SMB_SHARE env var was not set, integration tests will be skipped</skipped></testcase><testcase classname="tests.test_connection.TestConnection" name="test_dialect_3_0_2" time="0.000"><skipped type="pytest.skip" message="The SMB_SHARE env var was not set, integration tests will be skipped">/home/maxim/Repo/smbprotocol/tests/test_connection.py:911: The SMB_SHARE env var was not set, integration tests will be skipped</skipped></testcase><testcase classname="tests.test_connection.TestConnection" name="test_dialect_3_1_1_not_require_signing" time="0.000"><skipped type="pytest.skip" message="The SMB_SHARE env var was not set, integration tests will be skipped">/home/maxim/Repo/smbprotocol/tests/test_connection.py:928: The SMB_SHARE env var was not set, integration tests will be skipped</skipped></testcase><testcase classname="tests.test_connection.TestConnection" name="test_dialect_implicit_require_signing" time="0.000"><skipped type="pytest.skip" message="The SMB_SHARE env var was not set, integration tests will be skipped">/home/maxim/Repo/smbprotocol/tests/test_connection.py:949: The SMB_SHARE env var was not set, integration tests will be skipped</skipped></testcase><testcase classname="tests.test_connection.TestConnection" name="test_verify_message_skip" time="0.000"><skipped type="pytest.skip" message="The SMB_SHARE env var was not set, integration tests will be skipped">/home/maxim/Repo/smbprotocol/tests/test_connection.py:972: The SMB_SHARE env var was not set, integration tests will be skipped</skipped></testcase><testcase classname="tests.test_connection.TestConnection" name="test_broken_message_worker_closed_socket" time="0.000"><skipped type="pytest.skip" message="The SMB_SHARE env var was not set, integration tests will be skipped">/home/maxim/Repo/smbprotocol/tests/test_connection.py:982: The SMB_SHARE env var was not set, integration tests will be skipped</skipped></testcase><testcase classname="tests.test_connection.TestConnection" name="test_broken_message_worker_exception" time="0.003" /><testcase classname="tests.test_connection.TestConnection" name="test_message_worker_timeout" time="0.002" /><testcase classname="tests.test_connection.TestConnection" name="test_message_worker_timeout_connection_dead" time="0.005" /><testcase classname="tests.test_connection.TestConnection" name="test_verify_fail_no_session" time="0.000"><skipped type="pytest.skip" message="The SMB_SHARE env var was not set, integration tests will be skipped">/home/maxim/Repo/smbprotocol/tests/test_connection.py:1063: The SMB_SHARE env var was not set, integration tests will be skipped</skipped></testcase><testcase classname="tests.test_connection.TestConnection" name="test_verify_mistmatch" time="0.000"><skipped type="pytest.skip" message="The SMB_SHARE env var was not set, integration tests will be skipped">/home/maxim/Repo/smbprotocol/tests/test_connection.py:1076: The SMB_SHARE env var was not set, integration tests will be skipped</skipped></testcase><testcase classname="tests.test_connection.TestConnection" name="test_decrypt_invalid_flag" time="0.000"><skipped type="pytest.skip" message="The SMB_SHARE env var was not set, integration tests will be skipped">/home/maxim/Repo/smbprotocol/tests/test_connection.py:1094: The SMB_SHARE env var was not set, integration tests will be skipped</skipped></testcase><testcase classname="tests.test_connection.TestConnection" name="test_decrypt_invalid_session_id" time="0.000"><skipped type="pytest.skip" message="The SMB_SHARE env var was not set, integration tests will be skipped">/home/maxim/Repo/smbprotocol/tests/test_connection.py:1113: The SMB_SHARE env var was not set, integration tests will be skipped</skipped></testcase><testcase classname="tests.test_connection.TestConnection" name="test_requested_credits_greater_than_available" time="0.000"><skipped type="pytest.skip" message="The SMB_SHARE env var was not set, integration tests will be skipped">/home/maxim/Repo/smbprotocol/tests/test_connection.py:1132: The SMB_SHARE env var was not set, integration tests will be skipped</skipped></testcase><testcase classname="tests.test_connection.TestConnection" name="test_send_invalid_tree_id" time="0.000"><skipped type="pytest.skip" message="The SMB_SHARE env var was not set, integration tests will be skipped">/home/maxim/Repo/smbprotocol/tests/test_connection.py:1144: The SMB_SHARE env var was not set, integration tests will be skipped</skipped></testcase><testcase classname="tests.test_connection.TestConnection" name="test_connection_echo" time="0.000"><skipped type="pytest.skip" message="The SMB_SHARE env var was not set, integration tests will be skipped">/home/maxim/Repo/smbprotocol/tests/test_connection.py:1158: The SMB_SHARE env var was not set, integration tests will be skipped</skipped></testcase><testcase classname="tests.test_connection.TestConnection" name="test_encrypt_ccm[AES128_CCM]" time="0.001" /><testcase classname="tests.test_connection.TestConnection" name="test_encrypt_ccm[AES256_CCM]" time="0.001" /><testcase classname="tests.test_connection.TestConnection" name="test_encrypt_gcm[AES128_CCM]" time="0.001" /><testcase classname="tests.test_connection.TestConnection" name="test_encrypt_gcm[AES256_CCM]" time="0.001" /><testcase classname="tests.test_create_contexts.TestCreateContextName" name="test_get_response_known" time="0.000" /><testcase classname="tests.test_create_contexts.TestCreateContextName" name="test_get_response_unknown" time="0.000" /><testcase classname="tests.test_create_contexts.TestSMB2CreateContextName" name="test_create_message" time="0.001" /><testcase classname="tests.test_create_contexts.TestSMB2CreateContextName" name="test_pack_multiple_raw_context" time="0.001" /><testcase classname="tests.test_create_contexts.TestSMB2CreateContextName" name="test_pack_multiple_bad_message" time="0.001" /><testcase classname="tests.test_create_contexts.TestSMB2CreateContextName" name="test_parse_message" time="0.001" /><testcase classname="tests.test_create_contexts.TestSMB2CreateContextName" name="test_get_context_data_known" time="0.001" /><testcase classname="tests.test_create_contexts.TestSMB2CreateContextName" name="test_get_context_data_unknown" time="0.001" /><testcase classname="tests.test_create_contexts.TestSMB2CreateEABuffer" name="test_create_message" time="0.001" /><testcase classname="tests.test_create_contexts.TestSMB2CreateEABuffer" name="test_parse_message" time="0.001" /><testcase classname="tests.test_create_contexts.TestSMB2CreateDurableHandleRequest" name="test_create_message" time="0.000" /><testcase classname="tests.test_create_contexts.TestSMB2CreateDurableHandleRequest" name="test_parse_message" time="0.000" /><testcase classname="tests.test_create_contexts.TestSMB2CreateDurableHandleResponse" name="test_create_message" time="0.000" /><testcase classname="tests.test_create_contexts.TestSMB2CreateDurableHandleResponse" name="test_parse_message" time="0.000" /><testcase classname="tests.test_create_contexts.TestSMB2CreateDurableHandleReconnect" name="test_create_message" time="0.000" /><testcase classname="tests.test_create_contexts.TestSMB2CreateDurableHandleReconnect" name="test_parse_message" time="0.000" /><testcase classname="tests.test_create_contexts.TestSMB2CreateQueryMaximalAccessRequest" name="test_create_message" time="0.000" /><testcase classname="tests.test_create_contexts.TestSMB2CreateQueryMaximalAccessRequest" name="test_parse_message" time="0.000" /><testcase classname="tests.test_create_contexts.TestSMB2CreateQueryMaximalAccessResponse" name="test_create_message" time="0.000" /><testcase classname="tests.test_create_contexts.TestSMB2CreateQueryMaximalAccessResponse" name="test_parse_message" time="0.000" /><testcase classname="tests.test_create_contexts.TestSMB2CreateAllocationSize" name="test_create_message" time="0.000" /><testcase classname="tests.test_create_contexts.TestSMB2CreateAllocationSize" name="test_parse_message" time="0.000" /><testcase classname="tests.test_create_contexts.TestSMB2CreateTimewarpToken" name="test_create_message" time="0.000" /><testcase classname="tests.test_create_contexts.TestSMB2CreateTimewarpToken" name="test_parse_message" time="0.001" /><testcase classname="tests.test_create_contexts.TestSMB2CreateRequestLease" name="test_create_message" time="0.000" /><testcase classname="tests.test_create_contexts.TestSMB2CreateRequestLease" name="test_parse_message" time="0.001" /><testcase classname="tests.test_create_contexts.TestSMB2CreateResponseLease" name="test_create_message" time="0.000" /><testcase classname="tests.test_create_contexts.TestSMB2CreateResponseLease" name="test_parse_message" time="0.000" /><testcase classname="tests.test_create_contexts.TestSMB2CreateQueryOnDiskIDResponse" name="test_create_message" time="0.000" /><testcase classname="tests.test_create_contexts.TestSMB2CreateQueryOnDiskIDResponse" name="test_parse_message" time="0.002" /><testcase classname="tests.test_create_contexts.TestSMB2CreateRequestLeaseV2" name="test_create_message" time="0.001" /><testcase classname="tests.test_create_contexts.TestSMB2CreateRequestLeaseV2" name="test_parse_message" time="0.001" /><testcase classname="tests.test_create_contexts.TestSMB2CreateResponseLeaseV2" name="test_create_message" time="0.000" /><testcase classname="tests.test_create_contexts.TestSMB2CreateResponseLeaseV2" name="test_parse_message" time="0.000" /><testcase classname="tests.test_create_contexts.TestSMB2CreateDurableHandleRequestV2" name="test_create_message" time="0.000" /><testcase classname="tests.test_create_contexts.TestSMB2CreateDurableHandleRequestV2" name="test_parse_message" time="0.000" /><testcase classname="tests.test_create_contexts.TestSMB2CreateDurableHandleReconnectV2" name="test_create_message" time="0.000" /><testcase classname="tests.test_create_contexts.TestSMB2CreateDurableHandleReconnectV2" name="test_parse_message" time="0.000" /><testcase classname="tests.test_create_contexts.TestSMB2CreateDurableHandleResponseV2" name="test_create_message" time="0.000" /><testcase classname="tests.test_create_contexts.TestSMB2CreateDurableHandleResponseV2" name="test_parse_message" time="0.000" /><testcase classname="tests.test_create_contexts.TestSMB2CreateAppInstanceId" name="test_create_message" time="0.000" /><testcase classname="tests.test_create_contexts.TestSMB2CreateAppInstanceId" name="test_parse_message" time="0.000" /><testcase classname="tests.test_create_contexts.TestSMB2SVHDXOpenDeviceContextRequest" name="test_create_message" time="0.000" /><testcase classname="tests.test_create_contexts.TestSMB2SVHDXOpenDeviceContextRequest" name="test_parse_message" time="0.000" /><testcase classname="tests.test_create_contexts.TestSMB2SVHDXOpenDeviceContextResponse" name="test_create_message" time="0.000" /><testcase classname="tests.test_create_contexts.TestSMB2SVHDXOpenDeviceContextResponse" name="test_parse_message" time="0.000" /><testcase classname="tests.test_create_contexts.TestSMB2SVHDXOpenDeviceContextV2Request" name="test_create_message" time="0.001" /><testcase classname="tests.test_create_contexts.TestSMB2SVHDXOpenDeviceContextV2Request" name="test_parse_message" time="0.001" /><testcase classname="tests.test_create_contexts.TestSMB2SVHDXOpenDeviceContextV2Response" name="test_create_message" time="0.001" /><testcase classname="tests.test_create_contexts.TestSMB2SVHDXOpenDeviceContextV2Response" name="test_parse_message" time="0.001" /><testcase classname="tests.test_create_contexts.TestSMB2CreateAppInstanceVersion" name="test_create_message" time="0.000" /><testcase classname="tests.test_create_contexts.TestSMB2CreateAppInstanceVersion" name="test_parse_message" time="0.000" /><testcase classname="tests.test_dfs.TestDomainEntry" name="test_domain_entry" time="0.000" /><testcase classname="tests.test_dfs.TestDomainEntry" name="test_process_dc_referral" time="0.000" /><testcase classname="tests.test_dfs.TestDomainEntry" name="test_process_dc_referral_invalid_hint" time="0.001" /><testcase classname="tests.test_dfs.TestReferralEntry" name="test_root_referral_entry" time="0.000" /><testcase classname="tests.test_dfs.TestReferralEntry" name="test_target_referral_entry" time="0.000" /><testcase classname="tests.test_dfs.TestReferralEntry" name="test_target_referral_invalid_hint" time="0.001" /><testcase classname="tests.test_dfs.TestDFSReferralRequest" name="test_create_message" time="0.001" /><testcase classname="tests.test_dfs.TestDFSReferralRequest" name="test_parse_message[]" time="0.001" /><testcase classname="tests.test_dfs.TestDFSReferralRequest" name="test_parse_message[\x01\x02\x03\x04]" time="0.001" /><testcase classname="tests.test_dfs.TestDFSReferralRequestEx" name="test_create_message" time="0.001" /><testcase classname="tests.test_dfs.TestDFSReferralRequestEx" name="test_parse_message[]" time="0.001" /><testcase classname="tests.test_dfs.TestDFSReferralRequestEx" name="test_parse_message[\x01\x02\x03\x04]" time="0.001" /><testcase classname="tests.test_dfs.TestDFSReferralResponse" name="test_parse_message_v1" time="0.001" /><testcase classname="tests.test_dfs.TestDFSReferralResponse" name="test_parse_message_v2" time="0.001" /><testcase classname="tests.test_dfs.TestDFSReferralResponse" name="test_parse_message_v3_name_list_referral" time="0.001" /><testcase classname="tests.test_dfs.TestDFSReferralResponse" name="test_parse_message_v4" time="0.001" /><testcase classname="tests.test_exceptions.TestSMBException" name="test_exception" time="0.000" /><testcase classname="tests.test_exceptions.TestSMBAuthenticationError" name="test_exception" time="0.000" /><testcase classname="tests.test_exceptions.TestSMBAuthenticationError" name="test_caught_with_smbexception" time="0.000" /><testcase classname="tests.test_exceptions.TestSMBOSError" name="test_error" time="0.000" /><testcase classname="tests.test_exceptions.TestSMBOSError" name="test_error_with_filename2" time="0.000" /><testcase classname="tests.test_exceptions.TestSMBOSError" name="test_caught_with_smbexception" time="0.000" /><testcase classname="tests.test_exceptions.TestSMBOSError" name="test_caught_with_oserror" time="0.000" /><testcase classname="tests.test_exceptions.TestSMBOSError" name="test_error_with_unknown_error" time="0.000" /><testcase classname="tests.test_exceptions.TestSMBOSError" name="test_error_with_override" time="0.000" /><testcase classname="tests.test_exceptions.TestSMBUnsupportedFeature" name="test_exception_needs_newer" time="0.000" /><testcase classname="tests.test_exceptions.TestSMBUnsupportedFeature" name="test_exception_needs_older" time="0.000" /><testcase classname="tests.test_exceptions.TestSMBUnsupportedFeature" name="test_exception_no_suffix" time="0.001" /><testcase classname="tests.test_exceptions.TestSMBResponseException" name="test_throw_default_exception" time="0.002" /><testcase classname="tests.test_exceptions.TestSMBResponseException" name="test_throw_exception_without_header" time="0.001" /><testcase classname="tests.test_exceptions.TestSMBResponseException" name="test_throw_exception_with_symlink_redir" time="0.002" /><testcase classname="tests.test_exceptions.TestSMBResponseException" name="test_throw_exception_with_share_redir" time="0.003" /><testcase classname="tests.test_exceptions.TestSMBResponseException" name="test_throw_exception_with_raw_context" time="0.001" /><testcase classname="tests.test_exceptions.TestSMBResponseException" name="test_throw_exception_with_multiple_contexts" time="0.002" /><testcase classname="tests.test_exceptions.TestSMBResponseException" name="test_exception_no_context_but_data" time="0.001" /><testcase classname="tests.test_exceptions.TestSMBResponseException" name="test_inherited_exception_no_code" time="0.001" /><testcase classname="tests.test_exceptions.TestSMB2ErrorResponse" name="test_create_message_plain" time="0.001" /><testcase classname="tests.test_exceptions.TestSMB2ErrorResponse" name="test_create_message_with_context" time="0.001" /><testcase classname="tests.test_exceptions.TestSMB2ErrorResponse" name="test_parse_message_plain" time="0.000" /><testcase classname="tests.test_exceptions.TestSMB2ErrorResponse" name="test_parse_message_with_context" time="0.001" /><testcase classname="tests.test_exceptions.TestSMB2ErrorContextResponse" name="test_create_message" time="0.001" /><testcase classname="tests.test_exceptions.TestSMB2ErrorContextResponse" name="test_parse_message" time="0.001" /><testcase classname="tests.test_exceptions.TestSMB2SymbolicLinkErrorResponse" name="test_create_message" time="0.001" /><testcase classname="tests.test_exceptions.TestSMB2SymbolicLinkErrorResponse" name="test_parse_message" time="0.001" /><testcase classname="tests.test_exceptions.TestSMB2SymbolicLinkErrorResponse" name="test_resolve_path[0-t\xe9st-t\xe9st-1-\\\\s\xe9rver\\shar\xe9\\fold\xe9r\\subfolder\\mylink-\\\\s\xe9rver\\shar\xe9\\fold\xe9r\\subfolder\\t\xe9st]" time="0.002" /><testcase classname="tests.test_exceptions.TestSMB2SymbolicLinkErrorResponse" name="test_resolve_path[0-..\\t\xe9st-..\\t\xe9st-1-\\\\s\xe9rver\\shar\xe9\\fold\xe9r\\subfolder\\mylink-\\\\s\xe9rver\\shar\xe9\\fold\xe9r\\t\xe9st]" time="0.001" /><testcase classname="tests.test_exceptions.TestSMB2SymbolicLinkErrorResponse" name="test_resolve_path[42-..\\t\xe9st-..\\t\xe9st-1-\\\\s\xe9rver\\shar\xe9\\fold\xe9r\\subfolder\\mylink\\some folder\\file.txt-\\\\s\xe9rver\\shar\xe9\\fold\xe9r\\t\xe9st\\some folder\\file.txt]" time="0.001" /><testcase classname="tests.test_exceptions.TestSMB2SymbolicLinkErrorResponse" name="test_resolve_path[0-\\??\\UNC\\s\xe9rver\\shar\xe9\\fold\xe9r\\test-\\\\s\xe9rver\\shar\xe9\\fold\xe9r\\test-0-\\\\s\xe9rver\\shar\xe9\\fold\xe9r\\subfolder\\mylink-\\\\s\xe9rver\\shar\xe9\\fold\xe9r\\test]" time="0.001" /><testcase classname="tests.test_exceptions.TestSMB2SymbolicLinkErrorResponse" name="test_resolve_path[42-\\??\\UNC\\s\xe9rver\\shar\xe9\\fold\xe9r\\test-\\\\s\xe9rver\\shar\xe9\\fold\xe9r\\test-0-\\\\s\xe9rver\\shar\xe9\\fold\xe9r\\subfolder\\mylink\\some folder\\file.txt-\\\\s\xe9rver\\shar\xe9\\fold\xe9r\\test\\some folder\\file.txt]" time="0.001" /><testcase classname="tests.test_exceptions.TestSMB2SymbolicLinkErrorResponse" name="test_resolve_path_local_fail" time="0.001" /><testcase classname="tests.test_exceptions.TestSMB2SymbolicLinkErrorResponse" name="test_resolve_path_different_share" time="0.001" /><testcase classname="tests.test_exceptions.TestSMB2SymbolicLinkErrorResponse" name="test_resolve_path_different_host" time="0.001" /><testcase classname="tests.test_exceptions.TestSMB2ShareRedirectErrorContext" name="test_create_message" time="0.001" /><testcase classname="tests.test_exceptions.TestSMB2ShareRedirectErrorContext" name="test_parse_message" time="0.001" /><testcase classname="tests.test_exceptions.TestSMB2MoveDstIpAddrStructure" name="test_create_message_v4" time="0.001" /><testcase classname="tests.test_exceptions.TestSMB2MoveDstIpAddrStructure" name="test_create_message_v6" time="0.001" /><testcase classname="tests.test_exceptions.TestSMB2MoveDstIpAddrStructure" name="test_fail_invalid_ipv6_address" time="0.000" /><testcase classname="tests.test_exceptions.TestSMB2MoveDstIpAddrStructure" name="test_parse_message_v4" time="0.001" /><testcase classname="tests.test_exceptions.TestSMB2MoveDstIpAddrStructure" name="test_parse_message_v6" time="0.000" /><testcase classname="tests.test_file_info.TestFileNameInformation" name="test_create_message" time="0.000" /><testcase classname="tests.test_file_info.TestFileNameInformation" name="test_parse_message" time="0.000" /><testcase classname="tests.test_file_info.TestFileAllInformation" name="test_create_message" time="0.001" /><testcase classname="tests.test_file_info.TestFileAllInformation" name="test_parse_message" time="0.001" /><testcase classname="tests.test_file_info.TestFileBothDirectoryInformation" name="test_create_message" time="0.001" /><testcase classname="tests.test_file_info.TestFileBothDirectoryInformation" name="test_parse_message" time="0.001" /><testcase classname="tests.test_file_info.TestFileDirectoryInformation" name="test_create_message" time="0.001" /><testcase classname="tests.test_file_info.TestFileDirectoryInformation" name="test_parse_message" time="0.001" /><testcase classname="tests.test_file_info.TestFileDispositionInformation" name="test_create_message" time="0.001" /><testcase classname="tests.test_file_info.TestFileDispositionInformation" name="test_parse_message" time="0.001" /><testcase classname="tests.test_file_info.TestFileEndOfFileInformation" name="test_create_message" time="0.001" /><testcase classname="tests.test_file_info.TestFileEndOfFileInformation" name="test_parse_message" time="0.000" /><testcase classname="tests.test_file_info.TestFileFullDirectoryInformation" name="test_create_message" time="0.001" /><testcase classname="tests.test_file_info.TestFileFullDirectoryInformation" name="test_parse_message" time="0.001" /><testcase classname="tests.test_file_info.TestFileFullEaInformation" name="test_create_message" time="0.000" /><testcase classname="tests.test_file_info.TestFileFullEaInformation" name="test_parse_message" time="0.000" /><testcase classname="tests.test_file_info.TestFileGetEaInformation" name="test_create_message" time="0.000" /><testcase classname="tests.test_file_info.TestFileGetEaInformation" name="test_parse_message" time="0.000" /><testcase classname="tests.test_file_info.TestFileIdBothDirectoryInformation" name="test_create_message" time="0.001" /><testcase classname="tests.test_file_info.TestFileIdBothDirectoryInformation" name="test_parse_message" time="0.001" /><testcase classname="tests.test_file_info.TestFileIdFullDirectoryInformation" name="test_create_message" time="0.001" /><testcase classname="tests.test_file_info.TestFileIdFullDirectoryInformation" name="test_parse_message" time="0.001" /><testcase classname="tests.test_file_info.TestFileLinkInformation" name="test_create_message" time="0.000" /><testcase classname="tests.test_file_info.TestFileLinkInformation" name="test_parse_message" time="0.000" /><testcase classname="tests.test_file_info.TestFileNamesInformation" name="test_create_message" time="0.000" /><testcase classname="tests.test_file_info.TestFileNamesInformation" name="test_parse_message" time="0.000" /><testcase classname="tests.test_file_info.TestFileRenameInformation" name="test_create_message" time="0.000" /><testcase classname="tests.test_file_info.TestFileRenameInformation" name="test_parse_message" time="0.000" /><testcase classname="tests.test_file_info.TestFileStandardInformation" name="test_create_message" time="0.000" /><testcase classname="tests.test_file_info.TestFileStandardInformation" name="test_parse_message" time="0.000" /><testcase classname="tests.test_file_info.TestFileFsObjectInformation" name="test_create_message" time="0.001" /><testcase classname="tests.test_file_info.TestFileFsObjectInformation" name="test_parse_message" time="0.000" /><testcase classname="tests.test_file_info.TestFileFsVolumeInformation" name="test_create_message" time="0.000" /><testcase classname="tests.test_file_info.TestFileFsVolumeInformation" name="test_parse_message" time="0.000" /><testcase classname="tests.test_file_info.TestFileFsFullSizeInformation" name="test_create_message" time="0.000" /><testcase classname="tests.test_file_info.TestFileFsFullSizeInformation" name="test_parse_message" time="0.000" /><testcase classname="tests.test_header.TestSMB2HeaderAsync" name="test_create_message" time="0.001" /><testcase classname="tests.test_header.TestSMB2HeaderAsync" name="test_parse_message" time="0.001" /><testcase classname="tests.test_header.TestSMB2HeaderRequest" name="test_create_message" time="0.001" /><testcase classname="tests.test_header.TestSMB2HeaderRequest" name="test_parse_message" time="0.001" /><testcase classname="tests.test_header.TestSMB2HeaderResponse" name="test_create_message" time="0.000" /><testcase classname="tests.test_header.TestSMB2HeaderResponse" name="test_parse_message" time="0.001" /><testcase classname="tests.test_ioctl.TestSMB2IOCTLRequest" name="test_create_message" time="0.001" /><testcase classname="tests.test_ioctl.TestSMB2IOCTLRequest" name="test_create_message_no_buffer" time="0.001" /><testcase classname="tests.test_ioctl.TestSMB2IOCTLRequest" name="test_parse_message" time="0.001" /><testcase classname="tests.test_ioctl.TestSMB2SrvCopyChunkCopy" name="test_create_message" time="0.001" /><testcase classname="tests.test_ioctl.TestSMB2SrvCopyChunkCopy" name="test_parse_message" time="0.001" /><testcase classname="tests.test_ioctl.TestSMB2SrvCopyChunk" name="test_create_message" time="0.000" /><testcase classname="tests.test_ioctl.TestSMB2SrvCopyChunk" name="test_parse_message" time="0.000" /><testcase classname="tests.test_ioctl.TestSMB2SrcReadHashRequest" name="test_create_message" time="0.000" /><testcase classname="tests.test_ioctl.TestSMB2SrcReadHashRequest" name="test_parse_message" time="0.000" /><testcase classname="tests.test_ioctl.TestSMB2SrvNetworkResiliencyRequest" name="test_create_message" time="0.000" /><testcase classname="tests.test_ioctl.TestSMB2SrvNetworkResiliencyRequest" name="test_parse_message" time="0.000" /><testcase classname="tests.test_ioctl.TestSMB2ValidateNegotiateInfoRequest" name="test_create_message" time="0.001" /><testcase classname="tests.test_ioctl.TestSMB2ValidateNegotiateInfoRequest" name="test_parse_message" time="0.001" /><testcase classname="tests.test_ioctl.TestSMB2IOCTLResponse" name="test_create_message" time="0.001" /><testcase classname="tests.test_ioctl.TestSMB2IOCTLResponse" name="test_parse_message" time="0.001" /><testcase classname="tests.test_ioctl.TestSMB2SrvCopyChunkResponse" name="test_create_message" time="0.000" /><testcase classname="tests.test_ioctl.TestSMB2SrvCopyChunkResponse" name="test_parse_message" time="0.000" /><testcase classname="tests.test_ioctl.TestSMB2SrvSnapshotArray" name="test_create_message" time="0.000" /><testcase classname="tests.test_ioctl.TestSMB2SrvSnapshotArray" name="test_parse_message" time="0.000" /><testcase classname="tests.test_ioctl.TestSMB2SrvRequestResumeKey" name="test_create_message" time="0.001" /><testcase classname="tests.test_ioctl.TestSMB2SrvRequestResumeKey" name="test_parse_message" time="0.000" /><testcase classname="tests.test_ioctl.TestSMB2NetworkInterfaceInfo" name="test_create_message" time="0.001" /><testcase classname="tests.test_ioctl.TestSMB2NetworkInterfaceInfo" name="test_parse_message" time="0.001" /><testcase classname="tests.test_ioctl.TestSockAddrStorage" name="test_create_message_ipv4" time="0.000" /><testcase classname="tests.test_ioctl.TestSockAddrStorage" name="test_create_message_ipv6" time="0.000" /><testcase classname="tests.test_ioctl.TestSockAddrStorage" name="test_parse_message_ipv4" time="0.001" /><testcase classname="tests.test_ioctl.TestSockAddrStorage" name="test_parse_message_ipv6" time="0.000" /><testcase classname="tests.test_ioctl.TestSockAddrIn" name="test_create_message" time="0.000" /><testcase classname="tests.test_ioctl.TestSockAddrIn" name="test_create_message_subnet" time="0.000" /><testcase classname="tests.test_ioctl.TestSockAddrIn" name="test_parse_message" time="0.000" /><testcase classname="tests.test_ioctl.TestSockAddrIn6" name="test_create_message" time="0.001" /><testcase classname="tests.test_ioctl.TestSockAddrIn6" name="test_set_ipaddress_invalid_format" time="0.000" /><testcase classname="tests.test_ioctl.TestSockAddrIn6" name="test_parse_message" time="0.000" /><testcase classname="tests.test_ioctl.TestSMB2ValidateNegotiateInfoResponse" name="test_create_message" time="0.000" /><testcase classname="tests.test_ioctl.TestSMB2ValidateNegotiateInfoResponse" name="test_parse_message" time="0.001" /><testcase classname="tests.test_open.TestSMB2CreateRequest" name="test_create_message" time="0.002" /><testcase classname="tests.test_open.TestSMB2CreateRequest" name="test_create_message_no_contexts" time="0.001" /><testcase classname="tests.test_open.TestSMB2CreateRequest" name="test_parse_message" time="0.001" /><testcase classname="tests.test_open.TestSMB2CreateRequest" name="test_parse_message_no_contexts" time="0.001" /><testcase classname="tests.test_open.TestSMB2CreateResponse" name="test_create_message" time="0.001" /><testcase classname="tests.test_open.TestSMB2CreateResponse" name="test_create_message_no_contexts" time="0.001" /><testcase classname="tests.test_open.TestSMB2CreateResponse" name="test_parse_message" time="0.001" /><testcase classname="tests.test_open.TestSMB2CreateResponse" name="test_parse_message_no_contexts" time="0.001" /><testcase classname="tests.test_open.TestSMB2CloseRequest" name="test_create_message" time="0.000" /><testcase classname="tests.test_open.TestSMB2CloseRequest" name="test_parse_message" time="0.000" /><testcase classname="tests.test_open.TestSMB2CloseResponse" name="test_create_message" time="0.000" /><testcase classname="tests.test_open.TestSMB2CloseResponse" name="test_parse_message" time="0.001" /><testcase classname="tests.test_open.TestSMB2FlushRequest" name="test_create_message" time="0.000" /><testcase classname="tests.test_open.TestSMB2FlushRequest" name="test_parse_message" time="0.001" /><testcase classname="tests.test_open.TestSMB2FlushResponse" name="test_create_message" time="0.000" /><testcase classname="tests.test_open.TestSMB2FlushResponse" name="test_parse_message" time="0.000" /><testcase classname="tests.test_open.TestSMB2ReadRequest" name="test_create_message" time="0.000" /><testcase classname="tests.test_open.TestSMB2ReadRequest" name="test_create_message_channel_info" time="0.001" /><testcase classname="tests.test_open.TestSMB2ReadRequest" name="test_parse_message" time="0.001" /><testcase classname="tests.test_open.TestSMB2ReadRequest" name="test_parse_message_channel_info" time="0.001" /><testcase classname="tests.test_open.TestSMB2ReadResponse" name="test_create_message" time="0.000" /><testcase classname="tests.test_open.TestSMB2ReadResponse" name="test_parse_message" time="0.000" /><testcase classname="tests.test_open.TestSMB2WriteRequest" name="test_create_message" time="0.001" /><testcase classname="tests.test_open.TestSMB2WriteRequest" name="test_create_message_channel_info" time="0.001" /><testcase classname="tests.test_open.TestSMB2WriteRequest" name="test_parse_message" time="0.001" /><testcase classname="tests.test_open.TestSMB2WriteRequest" name="test_parse_message_channel_info" time="0.001" /><testcase classname="tests.test_open.TestSMB2WriteResponse" name="test_create_message" time="0.000" /><testcase classname="tests.test_open.TestSMB2WriteResponse" name="test_parse_message" time="0.000" /><testcase classname="tests.test_open.TestSMB2QueryDirectoryRequest" name="test_create_message" time="0.000" /><testcase classname="tests.test_open.TestSMB2QueryDirectoryRequest" name="test_parse_message" time="0.000" /><testcase classname="tests.test_open.TestSMB2QueryDirectoryResponse" name="test_create_message" time="0.001" /><testcase classname="tests.test_open.TestSMB2QueryDirectoryResponse" name="test_parse_message" time="0.000" /><testcase classname="tests.test_open.TestSMB2QueryInfoRequest" name="test_create_message" time="0.001" /><testcase classname="tests.test_open.TestSMB2QueryInfoRequest" name="test_parse_message" time="0.001" /><testcase classname="tests.test_open.TestSMB2QueryInfoResponse" name="test_create_message" time="0.000" /><testcase classname="tests.test_open.TestSMB2QueryInfoResponse" name="test_parse_message" time="0.000" /><testcase classname="tests.test_open.TestSMB2QueryInfoResponse" name="test_unpack_multiple_ea_response" time="0.001" /><testcase classname="tests.test_open.TestSMB2SetInfoRequest" name="test_create_message" time="0.000" /><testcase classname="tests.test_open.TestSMB2SetInfoRequest" name="test_parse_message" time="0.001" /><testcase classname="tests.test_open.TestSMB2SetInfoResponse" name="test_create_message" time="0.000" /><testcase classname="tests.test_open.TestSMB2SetInfoResponse" name="test_parse_message" time="0.000" /><testcase classname="tests.test_open.TestOpen" name="test_dialect_2_0_2" time="0.000"><skipped type="pytest.skip" message="The SMB_SHARE env var was not set, integration tests will be skipped">/home/maxim/Repo/smbprotocol/tests/test_open.py:1167: The SMB_SHARE env var was not set, integration tests will be skipped</skipped></testcase><testcase classname="tests.test_open.TestOpen" name="test_dialect_2_1_0" time="0.000"><skipped type="pytest.skip" message="The SMB_SHARE env var was not set, integration tests will be skipped">/home/maxim/Repo/smbprotocol/tests/test_open.py:1211: The SMB_SHARE env var was not set, integration tests will be skipped</skipped></testcase><testcase classname="tests.test_open.TestOpen" name="test_dialect_3_0_0" time="0.000"><skipped type="pytest.skip" message="The SMB_SHARE env var was not set, integration tests will be skipped">/home/maxim/Repo/smbprotocol/tests/test_open.py:1255: The SMB_SHARE env var was not set, integration tests will be skipped</skipped></testcase><testcase classname="tests.test_open.TestOpen" name="test_dialect_3_0_2" time="0.000"><skipped type="pytest.skip" message="The SMB_SHARE env var was not set, integration tests will be skipped">/home/maxim/Repo/smbprotocol/tests/test_open.py:1299: The SMB_SHARE env var was not set, integration tests will be skipped</skipped></testcase><testcase classname="tests.test_open.TestOpen" name="test_dialect_3_1_1" time="0.000"><skipped type="pytest.skip" message="The SMB_SHARE env var was not set, integration tests will be skipped">/home/maxim/Repo/smbprotocol/tests/test_open.py:1343: The SMB_SHARE env var was not set, integration tests will be skipped</skipped></testcase><testcase classname="tests.test_open.TestOpen" name="test_open_root_directory" time="0.000"><skipped type="pytest.skip" message="The SMB_SHARE env var was not set, integration tests will be skipped">/home/maxim/Repo/smbprotocol/tests/test_open.py:1387: The SMB_SHARE env var was not set, integration tests will be skipped</skipped></testcase><testcase classname="tests.test_open.TestOpen" name="test_create_directory" time="0.000"><skipped type="pytest.skip" message="The SMB_SHARE env var was not set, integration tests will be skipped">/home/maxim/Repo/smbprotocol/tests/test_open.py:1410: The SMB_SHARE env var was not set, integration tests will be skipped</skipped></testcase><testcase classname="tests.test_open.TestOpen" name="test_create_file_create_contexts" time="0.000"><skipped type="pytest.skip" message="The SMB_SHARE env var was not set, integration tests will be skipped">/home/maxim/Repo/smbprotocol/tests/test_open.py:1454: The SMB_SHARE env var was not set, integration tests will be skipped</skipped></testcase><testcase classname="tests.test_open.TestOpen" name="test_create_file_with_lease[v1]" time="0.000"><skipped type="pytest.skip" message="The SMB_SHARE env var was not set, integration tests will be skipped">/home/maxim/Repo/smbprotocol/tests/test_open.py:1499: The SMB_SHARE env var was not set, integration tests will be skipped</skipped></testcase><testcase classname="tests.test_open.TestOpen" name="test_create_file_with_lease[v2]" time="0.000"><skipped type="pytest.skip" message="The SMB_SHARE env var was not set, integration tests will be skipped">/home/maxim/Repo/smbprotocol/tests/test_open.py:1499: The SMB_SHARE env var was not set, integration tests will be skipped</skipped></testcase><testcase classname="tests.test_open.TestOpen" name="test_create_read_write_from_file" time="0.000"><skipped type="pytest.skip" message="The SMB_SHARE env var was not set, integration tests will be skipped">/home/maxim/Repo/smbprotocol/tests/test_open.py:1539: The SMB_SHARE env var was not set, integration tests will be skipped</skipped></testcase><testcase classname="tests.test_open.TestOpen" name="test_flush_file" time="0.000"><skipped type="pytest.skip" message="The SMB_SHARE env var was not set, integration tests will be skipped">/home/maxim/Repo/smbprotocol/tests/test_open.py:1565: The SMB_SHARE env var was not set, integration tests will be skipped</skipped></testcase><testcase classname="tests.test_open.TestOpen" name="test_close_file_dont_get_attributes" time="0.000"><skipped type="pytest.skip" message="The SMB_SHARE env var was not set, integration tests will be skipped">/home/maxim/Repo/smbprotocol/tests/test_open.py:1595: The SMB_SHARE env var was not set, integration tests will be skipped</skipped></testcase><testcase classname="tests.test_open.TestOpen" name="test_close_file_get_attributes" time="0.000"><skipped type="pytest.skip" message="The SMB_SHARE env var was not set, integration tests will be skipped">/home/maxim/Repo/smbprotocol/tests/test_open.py:1624: The SMB_SHARE env var was not set, integration tests will be skipped</skipped></testcase><testcase classname="tests.test_open.TestOpen" name="test_read_file_unbuffered" time="0.000"><skipped type="pytest.skip" message="The SMB_SHARE env var was not set, integration tests will be skipped">/home/maxim/Repo/smbprotocol/tests/test_open.py:1654: The SMB_SHARE env var was not set, integration tests will be skipped</skipped></testcase><testcase classname="tests.test_open.TestOpen" name="test_read_file_unbuffered_unsupported" time="0.000"><skipped type="pytest.skip" message="The SMB_SHARE env var was not set, integration tests will be skipped">/home/maxim/Repo/smbprotocol/tests/test_open.py:1679: The SMB_SHARE env var was not set, integration tests will be skipped</skipped></testcase><testcase classname="tests.test_open.TestOpen" name="test_write_file_write_through" time="0.000"><skipped type="pytest.skip" message="The SMB_SHARE env var was not set, integration tests will be skipped">/home/maxim/Repo/smbprotocol/tests/test_open.py:1713: The SMB_SHARE env var was not set, integration tests will be skipped</skipped></testcase><testcase classname="tests.test_open.TestOpen" name="test_write_file_write_through_unsupported" time="0.000"><skipped type="pytest.skip" message="The SMB_SHARE env var was not set, integration tests will be skipped">/home/maxim/Repo/smbprotocol/tests/test_open.py:1740: The SMB_SHARE env var was not set, integration tests will be skipped</skipped></testcase><testcase classname="tests.test_open.TestOpen" name="test_write_file_unbuffered" time="0.000"><skipped type="pytest.skip" message="The SMB_SHARE env var was not set, integration tests will be skipped">/home/maxim/Repo/smbprotocol/tests/test_open.py:1773: The SMB_SHARE env var was not set, integration tests will be skipped</skipped></testcase><testcase classname="tests.test_open.TestOpen" name="test_write_file_unbuffered_unsupported" time="0.000"><skipped type="pytest.skip" message="The SMB_SHARE env var was not set, integration tests will be skipped">/home/maxim/Repo/smbprotocol/tests/test_open.py:1800: The SMB_SHARE env var was not set, integration tests will be skipped</skipped></testcase><testcase classname="tests.test_open.TestOpen" name="test_query_directory" time="0.000"><skipped type="pytest.skip" message="The SMB_SHARE env var was not set, integration tests will be skipped">/home/maxim/Repo/smbprotocol/tests/test_open.py:1833: The SMB_SHARE env var was not set, integration tests will be skipped</skipped></testcase><testcase classname="tests.test_open.TestOpen" name="test_compounding_related_opens_encrypted" time="0.000"><skipped type="pytest.skip" message="The SMB_SHARE env var was not set, integration tests will be skipped">/home/maxim/Repo/smbprotocol/tests/test_open.py:1893: The SMB_SHARE env var was not set, integration tests will be skipped</skipped></testcase><testcase classname="tests.test_open.TestOpen" name="test_compounding_related_opens_signed" time="0.000"><skipped type="pytest.skip" message="The SMB_SHARE env var was not set, integration tests will be skipped">/home/maxim/Repo/smbprotocol/tests/test_open.py:1936: The SMB_SHARE env var was not set, integration tests will be skipped</skipped></testcase><testcase classname="tests.test_open.TestOpen" name="test_compounding_open_requests" time="0.000"><skipped type="pytest.skip" message="The SMB_SHARE env var was not set, integration tests will be skipped">/home/maxim/Repo/smbprotocol/tests/test_open.py:1979: The SMB_SHARE env var was not set, integration tests will be skipped</skipped></testcase><testcase classname="tests.test_open.TestOpen" name="test_compounding_open_requests_unencrypted" time="0.000"><skipped type="pytest.skip" message="The SMB_SHARE env var was not set, integration tests will be skipped">/home/maxim/Repo/smbprotocol/tests/test_open.py:2066: The SMB_SHARE env var was not set, integration tests will be skipped</skipped></testcase><testcase classname="tests.test_open.TestOpen" name="test_close_file_already_closed" time="0.000"><skipped type="pytest.skip" message="The SMB_SHARE env var was not set, integration tests will be skipped">/home/maxim/Repo/smbprotocol/tests/test_open.py:2153: The SMB_SHARE env var was not set, integration tests will be skipped</skipped></testcase><testcase classname="tests.test_open.TestOpen" name="test_read_greater_than_max_size" time="0.000"><skipped type="pytest.skip" message="The SMB_SHARE env var was not set, integration tests will be skipped">/home/maxim/Repo/smbprotocol/tests/test_open.py:2180: The SMB_SHARE env var was not set, integration tests will be skipped</skipped></testcase><testcase classname="tests.test_open.TestOpen" name="test_write_greater_than_max_size" time="0.000"><skipped type="pytest.skip" message="The SMB_SHARE env var was not set, integration tests will be skipped">/home/maxim/Repo/smbprotocol/tests/test_open.py:2209: The SMB_SHARE env var was not set, integration tests will be skipped</skipped></testcase><testcase classname="tests.test_open.TestOpen" name="test_read_file_multi_credits" time="0.000"><skipped type="pytest.skip" message="The SMB_SHARE env var was not set, integration tests will be skipped">/home/maxim/Repo/smbprotocol/tests/test_open.py:2238: The SMB_SHARE env var was not set, integration tests will be skipped</skipped></testcase><testcase classname="tests.test_open.TestOpen" name="test_receive_with_timeout" time="0.000"><skipped type="pytest.skip" message="The SMB_SHARE env var was not set, integration tests will be skipped">/home/maxim/Repo/smbprotocol/tests/test_open.py:2262: The SMB_SHARE env var was not set, integration tests will be skipped</skipped></testcase><testcase classname="tests.test_open.TestOpen" name="test_close_file_invalid_id" time="0.000"><skipped type="pytest.skip" message="The SMB_SHARE env var was not set, integration tests will be skipped">/home/maxim/Repo/smbprotocol/tests/test_open.py:2301: The SMB_SHARE env var was not set, integration tests will be skipped</skipped></testcase><testcase classname="tests.test_open.TestOpen" name="test_truncate_file" time="0.001"><skipped type="pytest.skip" message="The SMB_SHARE env var was not set, integration tests will be skipped">/home/maxim/Repo/smbprotocol/tests/test_open.py:2331: The SMB_SHARE env var was not set, integration tests will be skipped</skipped></testcase><testcase classname="tests.test_query_info" name="test_query_info_deprecation" time="0.001" /><testcase classname="tests.test_reparse_point.TestReparseTags" name="test_tag_is_microsoft" time="0.000" /><testcase classname="tests.test_reparse_point.TestReparseTags" name="test_tag_is_name_surrogate" time="0.000" /><testcase classname="tests.test_reparse_point.TestReparseTags" name="test_tag_is_directory" time="0.000" /><testcase classname="tests.test_reparse_point.TestReparseDataBuffer" name="test_create_message" time="0.000" /><testcase classname="tests.test_reparse_point.TestReparseDataBuffer" name="test_parse_message" time="0.001" /><testcase classname="tests.test_reparse_point.TestSymbolicLinkReparseDataBuffer" name="test_create_message" time="0.000" /><testcase classname="tests.test_reparse_point.TestSymbolicLinkReparseDataBuffer" name="test_create_message_with_set_name" time="0.000" /><testcase classname="tests.test_reparse_point.TestSymbolicLinkReparseDataBuffer" name="test_parse_message" time="0.000" /><testcase classname="tests.test_security_descriptor.TestSIDPacket" name="test_create_message" time="0.001" /><testcase classname="tests.test_security_descriptor.TestSIDPacket" name="test_create_domain_sid" time="0.001" /><testcase classname="tests.test_security_descriptor.TestSIDPacket" name="test_parse_string_fail_no_s" time="0.000" /><testcase classname="tests.test_security_descriptor.TestSIDPacket" name="test_parse_string_fail_too_small" time="0.000" /><testcase classname="tests.test_security_descriptor.TestSIDPacket" name="test_parse_message" time="0.000" /><testcase classname="tests.test_security_descriptor.TestSIDPacket" name="test_parse_message_domain_sid" time="0.001" /><testcase classname="tests.test_security_descriptor.TestAccessAllowedAce" name="test_create_message" time="0.001" /><testcase classname="tests.test_security_descriptor.TestAccessAllowedAce" name="test_parse_message" time="0.001" /><testcase classname="tests.test_security_descriptor.TestAccessDeniedAce" name="test_create_message" time="0.001" /><testcase classname="tests.test_security_descriptor.TestAccessDeniedAce" name="test_parse_message" time="0.001" /><testcase classname="tests.test_security_descriptor.TestSystemAuditAce" name="test_create_message" time="0.001" /><testcase classname="tests.test_security_descriptor.TestSystemAuditAce" name="test_parse_message" time="0.001" /><testcase classname="tests.test_security_descriptor.TestAclPacket" name="test_create_message" time="0.001" /><testcase classname="tests.test_security_descriptor.TestAclPacket" name="test_parse_message" time="0.001" /><testcase classname="tests.test_security_descriptor.TestSMB2SDBuffer" name="test_create_message" time="0.003" /><testcase classname="tests.test_security_descriptor.TestSMB2SDBuffer" name="test_create_message_sacl_group" time="0.001" /><testcase classname="tests.test_security_descriptor.TestSMB2SDBuffer" name="test_parse_message_sacl_group" time="0.001" /><testcase classname="tests.test_security_descriptor.TestSMB2SDBuffer" name="test_parse_message" time="0.002" /><testcase classname="tests.test_security_descriptor.TestSMB2SDBuffer" name="test_parse_acl_respect_ace_count" time="0.001" /><testcase classname="tests.test_session.TestSMB2SessionSetupRequest" name="test_create_message" time="0.000" /><testcase classname="tests.test_session.TestSMB2SessionSetupRequest" name="test_parse_message" time="0.000" /><testcase classname="tests.test_session.TestSMB2SessionSetupResponse" name="test_create_message" time="0.000" /><testcase classname="tests.test_session.TestSMB2SessionSetupResponse" name="test_parse_message" time="0.001" /><testcase classname="tests.test_session.TestSMB2Logoff" name="test_create_message" time="0.000" /><testcase classname="tests.test_session.TestSMB2Logoff" name="test_parse_message" time="0.000" /><testcase classname="tests.test_session.TestSession" name="test_dialect_2_0_2" time="0.000"><skipped type="pytest.skip" message="The SMB_SHARE env var was not set, integration tests will be skipped">/home/maxim/Repo/smbprotocol/tests/test_session.py:106: The SMB_SHARE env var was not set, integration tests will be skipped</skipped></testcase><testcase classname="tests.test_session.TestSession" name="test_dialect_2_1_0" time="0.000"><skipped type="pytest.skip" message="The SMB_SHARE env var was not set, integration tests will be skipped">/home/maxim/Repo/smbprotocol/tests/test_session.py:126: The SMB_SHARE env var was not set, integration tests will be skipped</skipped></testcase><testcase classname="tests.test_session.TestSession" name="test_dialect_3_0_0" time="0.000"><skipped type="pytest.skip" message="The SMB_SHARE env var was not set, integration tests will be skipped">/home/maxim/Repo/smbprotocol/tests/test_session.py:146: The SMB_SHARE env var was not set, integration tests will be skipped</skipped></testcase><testcase classname="tests.test_session.TestSession" name="test_dialect_3_0_2" time="0.000"><skipped type="pytest.skip" message="The SMB_SHARE env var was not set, integration tests will be skipped">/home/maxim/Repo/smbprotocol/tests/test_session.py:170: The SMB_SHARE env var was not set, integration tests will be skipped</skipped></testcase><testcase classname="tests.test_session.TestSession" name="test_dialect_3_1_1" time="0.000"><skipped type="pytest.skip" message="The SMB_SHARE env var was not set, integration tests will be skipped">/home/maxim/Repo/smbprotocol/tests/test_session.py:194: The SMB_SHARE env var was not set, integration tests will be skipped</skipped></testcase><testcase classname="tests.test_session.TestSession" name="test_require_encryption" time="0.000"><skipped type="pytest.skip" message="The SMB_SHARE env var was not set, integration tests will be skipped">/home/maxim/Repo/smbprotocol/tests/test_session.py:220: The SMB_SHARE env var was not set, integration tests will be skipped</skipped></testcase><testcase classname="tests.test_session.TestSession" name="test_require_encryption_not_supported" time="0.000"><skipped type="pytest.skip" message="The SMB_SHARE env var was not set, integration tests will be skipped">/home/maxim/Repo/smbprotocol/tests/test_session.py:244: The SMB_SHARE env var was not set, integration tests will be skipped</skipped></testcase><testcase classname="tests.test_session.TestSession" name="test_connect_fail" time="0.000"><skipped type="pytest.skip" message="The SMB_SHARE env var was not set, integration tests will be skipped">/home/maxim/Repo/smbprotocol/tests/test_session.py:255: The SMB_SHARE env var was not set, integration tests will be skipped</skipped></testcase><testcase classname="tests.test_session.TestSession" name="test_setup_session_with_ms_gss_token" time="0.000"><skipped type="pytest.skip" message="The SMB_SHARE env var was not set, integration tests will be skipped">/home/maxim/Repo/smbprotocol/tests/test_session.py:270: The SMB_SHARE env var was not set, integration tests will be skipped</skipped></testcase><testcase classname="tests.test_session.TestSession" name="test_setup_session_with_ntlm_only" time="0.000"><skipped type="pytest.skip" message="The SMB_SHARE env var was not set, integration tests will be skipped">/home/maxim/Repo/smbprotocol/tests/test_session.py:311: The SMB_SHARE env var was not set, integration tests will be skipped</skipped></testcase><testcase classname="tests.test_smbclient_os" name="test_open_bad_path[\\\\only_server]" time="0.001" /><testcase classname="tests.test_smbclient_os" name="test_open_bad_path[\\\\server_slash\\]" time="0.000" /><testcase classname="tests.test_smbclient_os" name="test_reset_connection[share]" time="0.000"><skipped type="pytest.skip" message="The SMB_SHARE env var was not set, integration tests will be skipped">/home/maxim/Repo/smbprotocol/tests/test_smbclient_os.py:37: The SMB_SHARE env var was not set, integration tests will be skipped</skipped></testcase><testcase classname="tests.test_smbclient_os" name="test_reset_connection[share-encrypted]" time="0.000"><skipped type="pytest.skip" message="The SMB_SHARE env var was not set, integration tests will be skipped">/home/maxim/Repo/smbprotocol/tests/test_smbclient_os.py:37: The SMB_SHARE env var was not set, integration tests will be skipped</skipped></testcase><testcase classname="tests.test_smbclient_os" name="test_delete_session[share]" time="0.000"><skipped type="pytest.skip" message="The SMB_SHARE env var was not set, integration tests will be skipped">/home/maxim/Repo/smbprotocol/tests/test_smbclient_os.py:48: The SMB_SHARE env var was not set, integration tests will be skipped</skipped></testcase><testcase classname="tests.test_smbclient_os" name="test_delete_session[share-encrypted]" time="0.000"><skipped type="pytest.skip" message="The SMB_SHARE env var was not set, integration tests will be skipped">/home/maxim/Repo/smbprotocol/tests/test_smbclient_os.py:48: The SMB_SHARE env var was not set, integration tests will be skipped</skipped></testcase><testcase classname="tests.test_smbclient_os" name="test_copy_across_paths_raises[share]" time="0.000"><skipped type="pytest.skip" message="The SMB_SHARE env var was not set, integration tests will be skipped">/home/maxim/Repo/smbprotocol/tests/test_smbclient_os.py:59: The SMB_SHARE env var was not set, integration tests will be skipped</skipped></testcase><testcase classname="tests.test_smbclient_os" name="test_copy_across_paths_raises[share-encrypted]" time="0.000"><skipped type="pytest.skip" message="The SMB_SHARE env var was not set, integration tests will be skipped">/home/maxim/Repo/smbprotocol/tests/test_smbclient_os.py:59: The SMB_SHARE env var was not set, integration tests will be skipped</skipped></testcase><testcase classname="tests.test_smbclient_os" name="test_copyfile_src_not_unc" time="0.001" /><testcase classname="tests.test_smbclient_os" name="test_copyfile_dst_not_unc" time="0.001" /><testcase classname="tests.test_smbclient_os" name="test_server_side_copy_multiple_chunks[share]" time="0.000"><skipped type="pytest.skip" message="The SMB_SHARE env var was not set, integration tests will be skipped">/home/maxim/Repo/smbprotocol/tests/test_smbclient_os.py:77: The SMB_SHARE env var was not set, integration tests will be skipped</skipped></testcase><testcase classname="tests.test_smbclient_os" name="test_server_side_copy_multiple_chunks[share-encrypted]" time="0.000"><skipped type="pytest.skip" message="The SMB_SHARE env var was not set, integration tests will be skipped">/home/maxim/Repo/smbprotocol/tests/test_smbclient_os.py:77: The SMB_SHARE env var was not set, integration tests will be skipped</skipped></testcase><testcase classname="tests.test_smbclient_os" name="test_write_large_bytes[share]" time="0.001"><skipped type="pytest.skip" message="The SMB_SHARE env var was not set, integration tests will be skipped">/home/maxim/Repo/smbprotocol/tests/test_smbclient_os.py:90: The SMB_SHARE env var was not set, integration tests will be skipped</skipped></testcase><testcase classname="tests.test_smbclient_os" name="test_write_large_bytes[share-encrypted]" time="0.000"><skipped type="pytest.skip" message="The SMB_SHARE env var was not set, integration tests will be skipped">/home/maxim/Repo/smbprotocol/tests/test_smbclient_os.py:90: The SMB_SHARE env var was not set, integration tests will be skipped</skipped></testcase><testcase classname="tests.test_smbclient_os" name="test_write_large_text[share]" time="0.000"><skipped type="pytest.skip" message="The SMB_SHARE env var was not set, integration tests will be skipped">/home/maxim/Repo/smbprotocol/tests/test_smbclient_os.py:101: The SMB_SHARE env var was not set, integration tests will be skipped</skipped></testcase><testcase classname="tests.test_smbclient_os" name="test_write_large_text[share-encrypted]" time="0.000"><skipped type="pytest.skip" message="The SMB_SHARE env var was not set, integration tests will be skipped">/home/maxim/Repo/smbprotocol/tests/test_smbclient_os.py:101: The SMB_SHARE env var was not set, integration tests will be skipped</skipped></testcase><testcase classname="tests.test_smbclient_os" name="test_server_side_copy_large_file[share]" time="0.000"><skipped type="pytest.skip" message="The SMB_SHARE env var was not set, integration tests will be skipped">/home/maxim/Repo/smbprotocol/tests/test_smbclient_os.py:112: The SMB_SHARE env var was not set, integration tests will be skipped</skipped></testcase><testcase classname="tests.test_smbclient_os" name="test_server_side_copy_large_file[share-encrypted]" time="0.000"><skipped type="pytest.skip" message="The SMB_SHARE env var was not set, integration tests will be skipped">/home/maxim/Repo/smbprotocol/tests/test_smbclient_os.py:112: The SMB_SHARE env var was not set, integration tests will be skipped</skipped></testcase><testcase classname="tests.test_smbclient_os" name="test_link_relative_path_fail[share]" time="0.000"><skipped type="pytest.skip" message="The SMB_SHARE env var was not set, integration tests will be skipped">/home/maxim/Repo/smbprotocol/tests/test_smbclient_os.py:130: The SMB_SHARE env var was not set, integration tests will be skipped</skipped></testcase><testcase classname="tests.test_smbclient_os" name="test_link_relative_path_fail[share-encrypted]" time="0.000"><skipped type="pytest.skip" message="The SMB_SHARE env var was not set, integration tests will be skipped">/home/maxim/Repo/smbprotocol/tests/test_smbclient_os.py:130: The SMB_SHARE env var was not set, integration tests will be skipped</skipped></testcase><testcase classname="tests.test_smbclient_os" name="test_link_different_root_fail[share]" time="0.000"><skipped type="pytest.skip" message="The SMB_SHARE env var was not set, integration tests will be skipped">/home/maxim/Repo/smbprotocol/tests/test_smbclient_os.py:136: The SMB_SHARE env var was not set, integration tests will be skipped</skipped></testcase><testcase classname="tests.test_smbclient_os" name="test_link_different_root_fail[share-encrypted]" time="0.000"><skipped type="pytest.skip" message="The SMB_SHARE env var was not set, integration tests will be skipped">/home/maxim/Repo/smbprotocol/tests/test_smbclient_os.py:136: The SMB_SHARE env var was not set, integration tests will be skipped</skipped></testcase><testcase classname="tests.test_smbclient_os" name="test_link_dir_fail[share]" time="0.000"><skipped type="pytest.skip" message="The SMB_SHARE env var was not set, integration tests will be skipped">/home/maxim/Repo/smbprotocol/tests/test_smbclient_os.py:142: The SMB_SHARE env var was not set, integration tests will be skipped</skipped></testcase><testcase classname="tests.test_smbclient_os" name="test_link_dir_fail[share-encrypted]" time="0.000"><skipped type="pytest.skip" message="The SMB_SHARE env var was not set, integration tests will be skipped">/home/maxim/Repo/smbprotocol/tests/test_smbclient_os.py:142: The SMB_SHARE env var was not set, integration tests will be skipped</skipped></testcase><testcase classname="tests.test_smbclient_os" name="test_link_existing_file_failed[share]" time="0.000"><skipped type="pytest.skip" message="The SMB_SHARE env var was not set, integration tests will be skipped">/home/maxim/Repo/smbprotocol/tests/test_smbclient_os.py:148: The SMB_SHARE env var was not set, integration tests will be skipped</skipped></testcase><testcase classname="tests.test_smbclient_os" name="test_link_existing_file_failed[share-encrypted]" time="0.000"><skipped type="pytest.skip" message="The SMB_SHARE env var was not set, integration tests will be skipped">/home/maxim/Repo/smbprotocol/tests/test_smbclient_os.py:148: The SMB_SHARE env var was not set, integration tests will be skipped</skipped></testcase><testcase classname="tests.test_smbclient_os" name="test_link_missing_src_fail[share]" time="0.000"><skipped type="pytest.skip" message="The SMB_SHARE env var was not set, integration tests will be skipped">/home/maxim/Repo/smbprotocol/tests/test_smbclient_os.py:163: The SMB_SHARE env var was not set, integration tests will be skipped</skipped></testcase><testcase classname="tests.test_smbclient_os" name="test_link_missing_src_fail[share-encrypted]" time="0.000"><skipped type="pytest.skip" message="The SMB_SHARE env var was not set, integration tests will be skipped">/home/maxim/Repo/smbprotocol/tests/test_smbclient_os.py:163: The SMB_SHARE env var was not set, integration tests will be skipped</skipped></testcase><testcase classname="tests.test_smbclient_os" name="test_link_to_file[share]" time="0.000"><skipped type="pytest.skip" message="The SMB_SHARE env var was not set, integration tests will be skipped">/home/maxim/Repo/smbprotocol/tests/test_smbclient_os.py:172: The SMB_SHARE env var was not set, integration tests will be skipped</skipped></testcase><testcase classname="tests.test_smbclient_os" name="test_link_to_file[share-encrypted]" time="0.000"><skipped type="pytest.skip" message="The SMB_SHARE env var was not set, integration tests will be skipped">/home/maxim/Repo/smbprotocol/tests/test_smbclient_os.py:172: The SMB_SHARE env var was not set, integration tests will be skipped</skipped></testcase><testcase classname="tests.test_smbclient_os" name="test_link_to_symbolic_link_follows[share]" time="0.000"><skipped type="pytest.skip" message="cannot create symlinks on Samba">/home/maxim/Repo/smbprotocol/tests/test_smbclient_os.py:194: cannot create symlinks on Samba</skipped></testcase><testcase classname="tests.test_smbclient_os" name="test_link_to_symbolic_link_follows[share-encrypted]" time="0.000"><skipped type="pytest.skip" message="cannot create symlinks on Samba">/home/maxim/Repo/smbprotocol/tests/test_smbclient_os.py:194: cannot create symlinks on Samba</skipped></testcase><testcase classname="tests.test_smbclient_os" name="test_link_to_symbolic_link_not_follows[share]" time="0.000"><skipped type="pytest.skip" message="cannot create symlinks on Samba">/home/maxim/Repo/smbprotocol/tests/test_smbclient_os.py:214: cannot create symlinks on Samba</skipped></testcase><testcase classname="tests.test_smbclient_os" name="test_link_to_symbolic_link_not_follows[share-encrypted]" time="0.000"><skipped type="pytest.skip" message="cannot create symlinks on Samba">/home/maxim/Repo/smbprotocol/tests/test_smbclient_os.py:214: cannot create symlinks on Samba</skipped></testcase><testcase classname="tests.test_smbclient_os" name="test_listdir_missing[share-missing-0xc0000034]" time="0.000"><skipped type="pytest.skip" message="The SMB_SHARE env var was not set, integration tests will be skipped">/home/maxim/Repo/smbprotocol/tests/test_smbclient_os.py:234: The SMB_SHARE env var was not set, integration tests will be skipped</skipped></testcase><testcase classname="tests.test_smbclient_os" name="test_listdir_missing[share-missing\\missing_sub-0xc000003a]" time="0.000"><skipped type="pytest.skip" message="The SMB_SHARE env var was not set, integration tests will be skipped">/home/maxim/Repo/smbprotocol/tests/test_smbclient_os.py:234: The SMB_SHARE env var was not set, integration tests will be skipped</skipped></testcase><testcase classname="tests.test_smbclient_os" name="test_listdir_missing[share-encrypted-missing-0xc0000034]" time="0.000"><skipped type="pytest.skip" message="The SMB_SHARE env var was not set, integration tests will be skipped">/home/maxim/Repo/smbprotocol/tests/test_smbclient_os.py:234: The SMB_SHARE env var was not set, integration tests will be skipped</skipped></testcase><testcase classname="tests.test_smbclient_os" name="test_listdir_missing[share-encrypted-missing\\missing_sub-0xc000003a]" time="0.000"><skipped type="pytest.skip" message="The SMB_SHARE env var was not set, integration tests will be skipped">/home/maxim/Repo/smbprotocol/tests/test_smbclient_os.py:234: The SMB_SHARE env var was not set, integration tests will be skipped</skipped></testcase><testcase classname="tests.test_smbclient_os" name="test_listdir_file_fail[share]" time="0.000"><skipped type="pytest.skip" message="The SMB_SHARE env var was not set, integration tests will be skipped">/home/maxim/Repo/smbprotocol/tests/test_smbclient_os.py:247: The SMB_SHARE env var was not set, integration tests will be skipped</skipped></testcase><testcase classname="tests.test_smbclient_os" name="test_listdir_file_fail[share-encrypted]" time="0.000"><skipped type="pytest.skip" message="The SMB_SHARE env var was not set, integration tests will be skipped">/home/maxim/Repo/smbprotocol/tests/test_smbclient_os.py:247: The SMB_SHARE env var was not set, integration tests will be skipped</skipped></testcase><testcase classname="tests.test_smbclient_os" name="test_listdir[share-dirname0]" time="0.000"><skipped type="pytest.skip" message="The SMB_SHARE env var was not set, integration tests will be skipped">/home/maxim/Repo/smbprotocol/tests/test_smbclient_os.py:257: The SMB_SHARE env var was not set, integration tests will be skipped</skipped></testcase><testcase classname="tests.test_smbclient_os" name="test_listdir[share-dirname1]" time="0.000"><skipped type="pytest.skip" message="The SMB_SHARE env var was not set, integration tests will be skipped">/home/maxim/Repo/smbprotocol/tests/test_smbclient_os.py:257: The SMB_SHARE env var was not set, integration tests will be skipped</skipped></testcase><testcase classname="tests.test_smbclient_os" name="test_listdir[share-encrypted-dirname0]" time="0.000"><skipped type="pytest.skip" message="The SMB_SHARE env var was not set, integration tests will be skipped">/home/maxim/Repo/smbprotocol/tests/test_smbclient_os.py:257: The SMB_SHARE env var was not set, integration tests will be skipped</skipped></testcase><testcase classname="tests.test_smbclient_os" name="test_listdir[share-encrypted-dirname1]" time="0.000"><skipped type="pytest.skip" message="The SMB_SHARE env var was not set, integration tests will be skipped">/home/maxim/Repo/smbprotocol/tests/test_smbclient_os.py:257: The SMB_SHARE env var was not set, integration tests will be skipped</skipped></testcase><testcase classname="tests.test_smbclient_os" name="test_listdir_with_pattern[share]" time="0.000"><skipped type="pytest.skip" message="The SMB_SHARE env var was not set, integration tests will be skipped">/home/maxim/Repo/smbprotocol/tests/test_smbclient_os.py:284: The SMB_SHARE env var was not set, integration tests will be skipped</skipped></testcase><testcase classname="tests.test_smbclient_os" name="test_listdir_with_pattern[share-encrypted]" time="0.000"><skipped type="pytest.skip" message="The SMB_SHARE env var was not set, integration tests will be skipped">/home/maxim/Repo/smbprotocol/tests/test_smbclient_os.py:284: The SMB_SHARE env var was not set, integration tests will be skipped</skipped></testcase><testcase classname="tests.test_smbclient_os" name="test_listdir_with_pattern_no_match[share]" time="0.000"><skipped type="pytest.skip" message="The SMB_SHARE env var was not set, integration tests will be skipped">/home/maxim/Repo/smbprotocol/tests/test_smbclient_os.py:297: The SMB_SHARE env var was not set, integration tests will be skipped</skipped></testcase><testcase classname="tests.test_smbclient_os" name="test_listdir_with_pattern_no_match[share-encrypted]" time="0.000"><skipped type="pytest.skip" message="The SMB_SHARE env var was not set, integration tests will be skipped">/home/maxim/Repo/smbprotocol/tests/test_smbclient_os.py:297: The SMB_SHARE env var was not set, integration tests will be skipped</skipped></testcase><testcase classname="tests.test_smbclient_os" name="test_lstat_on_file[share]" time="0.000"><skipped type="pytest.skip" message="The SMB_SHARE env var was not set, integration tests will be skipped">/home/maxim/Repo/smbprotocol/tests/test_smbclient_os.py:302: The SMB_SHARE env var was not set, integration tests will be skipped</skipped></testcase><testcase classname="tests.test_smbclient_os" name="test_lstat_on_file[share-encrypted]" time="0.000"><skipped type="pytest.skip" message="The SMB_SHARE env var was not set, integration tests will be skipped">/home/maxim/Repo/smbprotocol/tests/test_smbclient_os.py:302: The SMB_SHARE env var was not set, integration tests will be skipped</skipped></testcase><testcase classname="tests.test_smbclient_os" name="test_lstat_on_dir[share]" time="0.000"><skipped type="pytest.skip" message="The SMB_SHARE env var was not set, integration tests will be skipped">/home/maxim/Repo/smbprotocol/tests/test_smbclient_os.py:325: The SMB_SHARE env var was not set, integration tests will be skipped</skipped></testcase><testcase classname="tests.test_smbclient_os" name="test_lstat_on_dir[share-encrypted]" time="0.000"><skipped type="pytest.skip" message="The SMB_SHARE env var was not set, integration tests will be skipped">/home/maxim/Repo/smbprotocol/tests/test_smbclient_os.py:325: The SMB_SHARE env var was not set, integration tests will be skipped</skipped></testcase><testcase classname="tests.test_smbclient_os" name="test_lstat_on_symlink_file[share]" time="0.000"><skipped type="pytest.skip" message="cannot create symlinks on Samba">/home/maxim/Repo/smbprotocol/tests/test_smbclient_os.py:347: cannot create symlinks on Samba</skipped></testcase><testcase classname="tests.test_smbclient_os" name="test_lstat_on_symlink_file[share-encrypted]" time="0.000"><skipped type="pytest.skip" message="cannot create symlinks on Samba">/home/maxim/Repo/smbprotocol/tests/test_smbclient_os.py:347: cannot create symlinks on Samba</skipped></testcase><testcase classname="tests.test_smbclient_os" name="test_mkdir[share]" time="0.000"><skipped type="pytest.skip" message="The SMB_SHARE env var was not set, integration tests will be skipped">/home/maxim/Repo/smbprotocol/tests/test_smbclient_os.py:366: The SMB_SHARE env var was not set, integration tests will be skipped</skipped></testcase><testcase classname="tests.test_smbclient_os" name="test_mkdir[share-encrypted]" time="0.000"><skipped type="pytest.skip" message="The SMB_SHARE env var was not set, integration tests will be skipped">/home/maxim/Repo/smbprotocol/tests/test_smbclient_os.py:366: The SMB_SHARE env var was not set, integration tests will be skipped</skipped></testcase><testcase classname="tests.test_smbclient_os" name="test_mkdir_missing_parent_fail[share]" time="0.000"><skipped type="pytest.skip" message="The SMB_SHARE env var was not set, integration tests will be skipped">/home/maxim/Repo/smbprotocol/tests/test_smbclient_os.py:377: The SMB_SHARE env var was not set, integration tests will be skipped</skipped></testcase><testcase classname="tests.test_smbclient_os" name="test_mkdir_missing_parent_fail[share-encrypted]" time="0.000"><skipped type="pytest.skip" message="The SMB_SHARE env var was not set, integration tests will be skipped">/home/maxim/Repo/smbprotocol/tests/test_smbclient_os.py:377: The SMB_SHARE env var was not set, integration tests will be skipped</skipped></testcase><testcase classname="tests.test_smbclient_os" name="test_mkdir_path_is_file_fail[share]" time="0.000"><skipped type="pytest.skip" message="The SMB_SHARE env var was not set, integration tests will be skipped">/home/maxim/Repo/smbprotocol/tests/test_smbclient_os.py:384: The SMB_SHARE env var was not set, integration tests will be skipped</skipped></testcase><testcase classname="tests.test_smbclient_os" name="test_mkdir_path_is_file_fail[share-encrypted]" time="0.000"><skipped type="pytest.skip" message="The SMB_SHARE env var was not set, integration tests will be skipped">/home/maxim/Repo/smbprotocol/tests/test_smbclient_os.py:384: The SMB_SHARE env var was not set, integration tests will be skipped</skipped></testcase><testcase classname="tests.test_smbclient_os" name="test_makedirs_existing_parent[share]" time="0.000"><skipped type="pytest.skip" message="The SMB_SHARE env var was not set, integration tests will be skipped">/home/maxim/Repo/smbprotocol/tests/test_smbclient_os.py:394: The SMB_SHARE env var was not set, integration tests will be skipped</skipped></testcase><testcase classname="tests.test_smbclient_os" name="test_makedirs_existing_parent[share-encrypted]" time="0.000"><skipped type="pytest.skip" message="The SMB_SHARE env var was not set, integration tests will be skipped">/home/maxim/Repo/smbprotocol/tests/test_smbclient_os.py:394: The SMB_SHARE env var was not set, integration tests will be skipped</skipped></testcase><testcase classname="tests.test_smbclient_os" name="test_makedirs_exist_ok[share]" time="0.000"><skipped type="pytest.skip" message="The SMB_SHARE env var was not set, integration tests will be skipped">/home/maxim/Repo/smbprotocol/tests/test_smbclient_os.py:400: The SMB_SHARE env var was not set, integration tests will be skipped</skipped></testcase><testcase classname="tests.test_smbclient_os" name="test_makedirs_exist_ok[share-encrypted]" time="0.000"><skipped type="pytest.skip" message="The SMB_SHARE env var was not set, integration tests will be skipped">/home/maxim/Repo/smbprotocol/tests/test_smbclient_os.py:400: The SMB_SHARE env var was not set, integration tests will be skipped</skipped></testcase><testcase classname="tests.test_smbclient_os" name="test_makedirs_missing_parents[share]" time="0.000"><skipped type="pytest.skip" message="The SMB_SHARE env var was not set, integration tests will be skipped">/home/maxim/Repo/smbprotocol/tests/test_smbclient_os.py:411: The SMB_SHARE env var was not set, integration tests will be skipped</skipped></testcase><testcase classname="tests.test_smbclient_o
[...]
structure.TestListField" name="test_to_string" time="0.001" /><testcase classname="tests.test_structure.TestListField" name="test_to_string_empty" time="0.001" /><testcase classname="tests.test_structure.TestListField" name="test_get_value" time="0.001" /><testcase classname="tests.test_structure.TestListField" name="test_pack" time="0.001" /><testcase classname="tests.test_structure.TestListField" name="test_unpack" time="0.001" /><testcase classname="tests.test_structure.TestListField" name="test_unpack_func" time="0.001" /><testcase classname="tests.test_structure.TestListField" name="test_set_none" time="0.001" /><testcase classname="tests.test_structure.TestListField" name="test_set_lambda_as_bytes" time="0.001" /><testcase classname="tests.test_structure.TestListField" name="test_set_lambda_as_list" time="0.001" /><testcase classname="tests.test_structure.TestListField" name="test_set_bytes_fixed" time="0.001" /><testcase classname="tests.test_structure.TestListField" name="test_set_list" time="0.001" /><testcase classname="tests.test_structure.TestListField" name="test_set_invalid" time="0.001" /><testcase classname="tests.test_structure.TestListField" name="test_list_count_not_int_or_lambda" time="0.001" /><testcase classname="tests.test_structure.TestListField" name="test_unpack_func_not_lambda" time="0.001" /><testcase classname="tests.test_structure.TestListField" name="test_list_field_not_field" time="0.001" /><testcase classname="tests.test_structure.TestListField" name="test_list_unpack_list_type_size_not_defined" time="0.001" /><testcase classname="tests.test_structure.TestListField" name="test_list_unpack_list_count_not_defined" time="0.001" /><testcase classname="tests.test_structure.TestStructureField" name="test_get_size" time="0.001" /><testcase classname="tests.test_structure.TestStructureField" name="test_to_string" time="0.001" /><testcase classname="tests.test_structure.TestStructureField" name="test_get_value" time="0.000" /><testcase classname="tests.test_structure.TestStructureField" name="test_pack" time="0.000" /><testcase classname="tests.test_structure.TestStructureField" name="test_pack_without_type" time="0.000" /><testcase classname="tests.test_structure.TestStructureField" name="test_unpack" time="0.000" /><testcase classname="tests.test_structure.TestStructureField" name="test_unpack_without_type" time="0.000" /><testcase classname="tests.test_structure.TestStructureField" name="test_set_none" time="0.000" /><testcase classname="tests.test_structure.TestStructureField" name="test_set_empty_byte" time="0.000" /><testcase classname="tests.test_structure.TestStructureField" name="test_set_lambda" time="0.000" /><testcase classname="tests.test_structure.TestStructureField" name="test_set_lambda_without_type" time="0.000" /><testcase classname="tests.test_structure.TestStructureField" name="test_set_bytes" time="0.001" /><testcase classname="tests.test_structure.TestStructureField" name="test_set_bytes_without_type" time="0.001" /><testcase classname="tests.test_structure.TestStructureField" name="test_set_bytes_then_structure_type" time="0.001" /><testcase classname="tests.test_structure.TestStructureField" name="test_set_bytes_with_lambda_type" time="0.001" /><testcase classname="tests.test_structure.TestStructureField" name="test_set_structure" time="0.001" /><testcase classname="tests.test_structure.TestStructureField" name="test_get_structure_field" time="0.000" /><testcase classname="tests.test_structure.TestStructureField" name="test_fail_get_structure_field_missing" time="0.000" /><testcase classname="tests.test_structure.TestStructureField" name="test_fail_get_structure_bytes_value" time="0.000" /><testcase classname="tests.test_structure.TestStructureField" name="test_set_structure_field" time="0.001" /><testcase classname="tests.test_structure.TestStructureField" name="test_set_invalid" time="0.000" /><testcase classname="tests.test_structure.TestUuidField" name="test_get_size" time="0.000" /><testcase classname="tests.test_structure.TestUuidField" name="test_to_string" time="0.001" /><testcase classname="tests.test_structure.TestUuidField" name="test_get_value" time="0.001" /><testcase classname="tests.test_structure.TestUuidField" name="test_pack" time="0.000" /><testcase classname="tests.test_structure.TestUuidField" name="test_unpack" time="0.000" /><testcase classname="tests.test_structure.TestUuidField" name="test_set_none" time="0.000" /><testcase classname="tests.test_structure.TestUuidField" name="test_set_lambda" time="0.000" /><testcase classname="tests.test_structure.TestUuidField" name="test_set_bytes" time="0.001" /><testcase classname="tests.test_structure.TestUuidField" name="test_set_int" time="0.000" /><testcase classname="tests.test_structure.TestUuidField" name="test_set_invalid" time="0.000" /><testcase classname="tests.test_structure.TestUuidField" name="test_invalid_size_none" time="0.000" /><testcase classname="tests.test_structure.TestUuidField" name="test_pack_uuid_field_big_endian" time="0.000" /><testcase classname="tests.test_structure.TestUuidField" name="test_unpack_uuid_field_big_endian" time="0.000" /><testcase classname="tests.test_structure.TestDateTimeField" name="test_pack_unpack_dates[origin]" time="0.001" /><testcase classname="tests.test_structure.TestDateTimeField" name="test_pack_unpack_dates[end]" time="0.001" /><testcase classname="tests.test_structure.TestDateTimeField" name="test_get_size" time="0.000" /><testcase classname="tests.test_structure.TestDateTimeField" name="test_to_string" time="0.000" /><testcase classname="tests.test_structure.TestDateTimeField" name="test_get_value" time="0.000" /><testcase classname="tests.test_structure.TestDateTimeField" name="test_pack" time="0.000" /><testcase classname="tests.test_structure.TestDateTimeField" name="test_unpack" time="0.000" /><testcase classname="tests.test_structure.TestDateTimeField" name="test_set_none" time="0.000" /><testcase classname="tests.test_structure.TestDateTimeField" name="test_set_lambda" time="0.000" /><testcase classname="tests.test_structure.TestDateTimeField" name="test_set_bytes" time="0.000" /><testcase classname="tests.test_structure.TestDateTimeField" name="test_set_int" time="0.000" /><testcase classname="tests.test_structure.TestDateTimeField" name="test_set_datetime" time="0.000" /><testcase classname="tests.test_structure.TestDateTimeField" name="test_set_invalid" time="0.000" /><testcase classname="tests.test_structure.TestDateTimeField" name="test_invalid_size_none" time="0.001" /><testcase classname="tests.test_structure.TestEnumField" name="test_get_size" time="0.000" /><testcase classname="tests.test_structure.TestEnumField" name="test_to_string" time="0.000" /><testcase classname="tests.test_structure.TestEnumField" name="test_to_string_default_as_zero" time="0.000" /><testcase classname="tests.test_structure.TestEnumField" name="test_get_value" time="0.000" /><testcase classname="tests.test_structure.TestEnumField" name="test_pack" time="0.000" /><testcase classname="tests.test_structure.TestEnumField" name="test_unpack" time="0.000" /><testcase classname="tests.test_structure.TestEnumField" name="test_set_none" time="0.000" /><testcase classname="tests.test_structure.TestEnumField" name="test_set_bytes" time="0.000" /><testcase classname="tests.test_structure.TestEnumField" name="test_set_int" time="0.000" /><testcase classname="tests.test_structure.TestEnumField" name="test_set_invalid" time="0.000" /><testcase classname="tests.test_structure.TestEnumField" name="test_set_invalid_value" time="0.001" /><testcase classname="tests.test_structure.TestFlagField" name="test_get_size" time="0.000" /><testcase classname="tests.test_structure.TestFlagField" name="test_to_string" time="0.000" /><testcase classname="tests.test_structure.TestFlagField" name="test_get_value" time="0.000" /><testcase classname="tests.test_structure.TestFlagField" name="test_pack" time="0.000" /><testcase classname="tests.test_structure.TestFlagField" name="test_unpack" time="0.000" /><testcase classname="tests.test_structure.TestFlagField" name="test_set_none" time="0.000" /><testcase classname="tests.test_structure.TestFlagField" name="test_set_bytes" time="0.000" /><testcase classname="tests.test_structure.TestFlagField" name="test_set_int" time="0.001" /><testcase classname="tests.test_structure.TestFlagField" name="test_set_invalid" time="0.000" /><testcase classname="tests.test_structure.TestFlagField" name="test_check_flag_set" time="0.000" /><testcase classname="tests.test_structure.TestFlagField" name="test_set_flag" time="0.000" /><testcase classname="tests.test_structure.TestFlagField" name="test_set_invalid_flag" time="0.000" /><testcase classname="tests.test_structure.TestFlagField" name="test_set_invalid_value" time="0.000" /><testcase classname="tests.test_structure.TestBoolField" name="test_get_size" time="0.000" /><testcase classname="tests.test_structure.TestBoolField" name="test_to_string" time="0.000" /><testcase classname="tests.test_structure.TestBoolField" name="test_to_string_true" time="0.000" /><testcase classname="tests.test_structure.TestBoolField" name="test_get_value" time="0.000" /><testcase classname="tests.test_structure.TestBoolField" name="test_get_value_true" time="0.000" /><testcase classname="tests.test_structure.TestBoolField" name="test_pack" time="0.000" /><testcase classname="tests.test_structure.TestBoolField" name="test_pack_true" time="0.000" /><testcase classname="tests.test_structure.TestBoolField" name="test_unpack" time="0.000" /><testcase classname="tests.test_structure.TestBoolField" name="test_unpack_true" time="0.000" /><testcase classname="tests.test_structure.TestBoolField" name="test_invalid_size_bad_int" time="0.001" /><testcase classname="tests.test_structure.TestBoolField" name="test_set_none" time="0.000" /><testcase classname="tests.test_structure.TestBoolField" name="test_set_bytes" time="0.000" /><testcase classname="tests.test_structure.TestBoolField" name="test_set_bool" time="0.000" /><testcase classname="tests.test_structure.TestBoolField" name="test_set_lambda" time="0.000" /><testcase classname="tests.test_structure.TestBoolField" name="test_set_invalid" time="0.000" /><testcase classname="tests.test_structure.TestTextField" name="test_get_size" time="0.000" /><testcase classname="tests.test_structure.TestTextField" name="test_to_string" time="0.000" /><testcase classname="tests.test_structure.TestTextField" name="test_get_value" time="0.000" /><testcase classname="tests.test_structure.TestTextField" name="test_pack" time="0.000" /><testcase classname="tests.test_structure.TestTextField" name="test_unpack" time="0.000" /><testcase classname="tests.test_structure.TestTextField" name="test_set_lambda" time="0.000" /><testcase classname="tests.test_structure.TestTextField" name="test_set_bytes" time="0.000" /><testcase classname="tests.test_structure.TestTextField" name="test_set_none" time="0.000" /><testcase classname="tests.test_structure.TestTextField" name="test_set_invalid" time="0.000" /><testcase classname="tests.test_structure.TestTextField" name="test_set_with_different_encoding" time="0.000" /><testcase classname="tests.test_structure.TestTextFieldNullTerminated" name="test_get_size" time="0.000" /><testcase classname="tests.test_structure.TestTextFieldNullTerminated" name="test_to_string" time="0.000" /><testcase classname="tests.test_structure.TestTextFieldNullTerminated" name="test_get_value" time="0.000" /><testcase classname="tests.test_structure.TestTextFieldNullTerminated" name="test_pack" time="0.000" /><testcase classname="tests.test_structure.TestTextFieldNullTerminated" name="test_unpack" time="0.000" /><testcase classname="tests.test_structure.TestTextFieldNullTerminated" name="test_set_lambda" time="0.000" /><testcase classname="tests.test_structure.TestTextFieldNullTerminated" name="test_set_bytes" time="0.000" /><testcase classname="tests.test_structure.TestTextFieldNullTerminated" name="test_set_none" time="0.000" /><testcase classname="tests.test_structure.TestTextFieldNullTerminated" name="test_set_invalid" time="0.001" /><testcase classname="tests.test_structure.TestTextFieldNullTerminated" name="test_set_with_different_encoding" time="0.000" /><testcase classname="tests.test_text" name="test_text_to_bytes_default" time="0.000" /><testcase classname="tests.test_text" name="test_text_to_bytes_diff_encoding" time="0.000" /><testcase classname="tests.test_text" name="test_bytes_to_bytes" time="0.000" /><testcase classname="tests.test_text" name="test_native_to_bytes" time="0.000" /><testcase classname="tests.test_text" name="test_text_to_text" time="0.000" /><testcase classname="tests.test_text" name="test_byte_to_text" time="0.000" /><testcase classname="tests.test_text" name="test_byte_to_text_diff_encoding" time="0.000" /><testcase classname="tests.test_text" name="test_native_to_unicode" time="0.000" /><testcase classname="tests.test_transport.TestDirectTcpPacket" name="test_create_message" time="0.000" /><testcase classname="tests.test_transport.TestDirectTcpPacket" name="test_parse_message" time="0.000" /><testcase classname="tests.test_transport.TestTcp" name="test_normal_fail_message_too_big" time="0.004" /><testcase classname="tests.test_transport.TestTcp" name="test_invalid_host" time="0.013" /><testcase classname="tests.test_transport" name="test_small_recv" time="0.203" /><testcase classname="tests.test_transport" name="test_recv_timeout" time="1.004" /><testcase classname="tests.test_transport" name="test_recv_closed" time="1.003" /><testcase classname="tests.test_transport" name="test_recv_closed_client" time="0.004" /><testcase classname="tests.test_tree.TestSMB2TreeConnectRequest" name="test_create_message" time="0.002" /><testcase classname="tests.test_tree.TestSMB2TreeConnectRequest" name="test_parse_message" time="0.002" /><testcase classname="tests.test_tree.TestSMB2TreeConnectResponse" name="test_create_message" time="0.002" /><testcase classname="tests.test_tree.TestSMB2TreeConnectResponse" name="test_parse_message" time="0.001" /><testcase classname="tests.test_tree.TestSMB2TreeDisconnect" name="test_create_message" time="0.001" /><testcase classname="tests.test_tree.TestSMB2TreeDisconnect" name="test_parse_message" time="0.001" /><testcase classname="tests.test_tree.TestTreeConnect" name="test_dialect_2_0_2" time="0.000"><skipped type="pytest.skip" message="The SMB_SHARE env var was not set, integration tests will be skipped">/home/maxim/Repo/smbprotocol/tests/test_tree.py:104: The SMB_SHARE env var was not set, integration tests will be skipped</skipped></testcase><testcase classname="tests.test_tree.TestTreeConnect" name="test_dialect_2_1_0" time="0.000"><skipped type="pytest.skip" message="The SMB_SHARE env var was not set, integration tests will be skipped">/home/maxim/Repo/smbprotocol/tests/test_tree.py:120: The SMB_SHARE env var was not set, integration tests will be skipped</skipped></testcase><testcase classname="tests.test_tree.TestTreeConnect" name="test_dialect_3_0_0" time="0.000"><skipped type="pytest.skip" message="The SMB_SHARE env var was not set, integration tests will be skipped">/home/maxim/Repo/smbprotocol/tests/test_tree.py:136: The SMB_SHARE env var was not set, integration tests will be skipped</skipped></testcase><testcase classname="tests.test_tree.TestTreeConnect" name="test_dialect_3_0_2" time="0.000"><skipped type="pytest.skip" message="The SMB_SHARE env var was not set, integration tests will be skipped">/home/maxim/Repo/smbprotocol/tests/test_tree.py:152: The SMB_SHARE env var was not set, integration tests will be skipped</skipped></testcase><testcase classname="tests.test_tree.TestTreeConnect" name="test_dialect_3_1_1" time="0.000"><skipped type="pytest.skip" message="The SMB_SHARE env var was not set, integration tests will be skipped">/home/maxim/Repo/smbprotocol/tests/test_tree.py:168: The SMB_SHARE env var was not set, integration tests will be skipped</skipped></testcase><testcase classname="tests.test_tree.TestTreeConnect" name="test_dialect_2_encrypted_share" time="0.000"><skipped type="pytest.skip" message="The SMB_SHARE env var was not set, integration tests will be skipped">/home/maxim/Repo/smbprotocol/tests/test_tree.py:184: The SMB_SHARE env var was not set, integration tests will be skipped</skipped></testcase><testcase classname="tests.test_tree.TestTreeConnect" name="test_dialect_3_encrypted_share" time="0.000"><skipped type="pytest.skip" message="The SMB_SHARE env var was not set, integration tests will be skipped">/home/maxim/Repo/smbprotocol/tests/test_tree.py:196: The SMB_SHARE env var was not set, integration tests will be skipped</skipped></testcase><testcase classname="tests.test_tree.TestTreeConnect" name="test_secure_negotiation_verification_failed" time="0.000"><skipped type="pytest.skip" message="The SMB_SHARE env var was not set, integration tests will be skipped">/home/maxim/Repo/smbprotocol/tests/test_tree.py:212: The SMB_SHARE env var was not set, integration tests will be skipped</skipped></testcase><testcase classname="tests.test_tree.TestTreeConnect" name="test_secure_ignore_negotiation_verification_failed" time="0.000"><skipped type="pytest.skip" message="The SMB_SHARE env var was not set, integration tests will be skipped">/home/maxim/Repo/smbprotocol/tests/test_tree.py:226: The SMB_SHARE env var was not set, integration tests will be skipped</skipped></testcase><testcase classname="tests.test_tree.TestTreeConnect" name="test_encryption[AES_128_CCM]" time="0.000"><skipped type="pytest.skip" message="The SMB_SHARE env var was not set, integration tests will be skipped">/home/maxim/Repo/smbprotocol/tests/test_tree.py:244: The SMB_SHARE env var was not set, integration tests will be skipped</skipped></testcase><testcase classname="tests.test_tree.TestTreeConnect" name="test_encryption[AES_128_GCM]" time="0.000"><skipped type="pytest.skip" message="The SMB_SHARE env var was not set, integration tests will be skipped">/home/maxim/Repo/smbprotocol/tests/test_tree.py:244: The SMB_SHARE env var was not set, integration tests will be skipped</skipped></testcase><testcase classname="tests.test_tree.TestTreeConnect" name="test_encryption[AES_256_CCM]" time="0.000"><skipped type="pytest.skip" message="The SMB_SHARE env var was not set, integration tests will be skipped">/home/maxim/Repo/smbprotocol/tests/test_tree.py:244: The SMB_SHARE env var was not set, integration tests will be skipped</skipped></testcase><testcase classname="tests.test_tree.TestTreeConnect" name="test_encryption[AES_256_GCM]" time="0.000"><skipped type="pytest.skip" message="The SMB_SHARE env var was not set, integration tests will be skipped">/home/maxim/Repo/smbprotocol/tests/test_tree.py:244: The SMB_SHARE env var was not set, integration tests will be skipped</skipped></testcase><testcase classname="tests.test_tree.TestTreeConnect" name="test_signing[AES_GMAC]" time="0.000"><skipped type="pytest.skip" message="The SMB_SHARE env var was not set, integration tests will be skipped">/home/maxim/Repo/smbprotocol/tests/test_tree.py:272: The SMB_SHARE env var was not set, integration tests will be skipped</skipped></testcase><testcase classname="tests.test_tree.TestTreeConnect" name="test_signing[AES_CMAC]" time="0.000"><skipped type="pytest.skip" message="The SMB_SHARE env var was not set, integration tests will be skipped">/home/maxim/Repo/smbprotocol/tests/test_tree.py:272: The SMB_SHARE env var was not set, integration tests will be skipped</skipped></testcase><testcase classname="tests.test_tree.TestTreeConnect" name="test_signing[HMAC_SHA256]" time="0.001"><skipped type="pytest.skip" message="The SMB_SHARE env var was not set, integration tests will be skipped">/home/maxim/Repo/smbprotocol/tests/test_tree.py:272: The SMB_SHARE env var was not set, integration tests will be skipped</skipped></testcase></testsuite></testsuites>